[INITIALIZATION][CLIENT][INFO] CraftTweaker: Building registry
[INITIALIZATION][CLIENT][INFO] CraftTweaker: Successfully built item registry
[INITIALIZATION][CLIENT][INFO] Loading scripts
[INITIALIZATION][CLIENT][INFO] [crafttweaker | SIDE_CLIENT]: Loading Script: {[0:crafttweaker]: ActuallyAdditions.zs}
[INITIALIZATION][CLIENT][INFO] [crafttweaker | SIDE_CLIENT]: Loading Script: {[0:crafttweaker]: AdvancedGenerators.zs}
[INITIALIZATION][CLIENT][INFO] [crafttweaker | SIDE_CLIENT]: Loading Script: {[0:crafttweaker]: EnderStorage.zs}
[INITIALIZATION][CLIENT][INFO] [crafttweaker | SIDE_CLIENT]: Loading Script: {[0:crafttweaker]: ImmersiveEngineering.zs}
[INITIALIZATION][CLIENT][INFO] Adding Crusher Recipe for Fairy Dust
[INITIALIZATION][CLIENT][INFO] [crafttweaker | SIDE_CLIENT]: Loading Script: {[0:crafttweaker]: Minecraft.zs}
[INITIALIZATION][CLIENT][INFO] Setting max stack size of  Mushroom Stew to 1
[INITIALIZATION][CLIENT][INFO] [crafttweaker | SIDE_CLIENT]: Loading Script: {[0:crafttweaker]: OpenComputers.zs}
[INITIALIZATION][CLIENT][INFO] [crafttweaker | SIDE_CLIENT]: Loading Script: {[0:crafttweaker]: RefinedStorage.zs}
[INITIALIZATION][CLIENT][INFO] [crafttweaker | SIDE_CLIENT]: Loading Script: {[0:crafttweaker]: StevesCarts.zs}
[INITIALIZATION][CLIENT][INFO] [crafttweaker | SIDE_CLIENT]: Loading Script: {[0:crafttweaker]: TinkersConstruct.zs}
[INITIALIZATION][CLIENT][INFO] [crafttweaker | SIDE_CLIENT]: Loading Script: {[0:crafttweaker]: Waterstrainer.zs}
[INITIALIZATION][CLIENT][INFO] [crafttweaker | SIDE_CLIENT]: Loading Script: {[0:crafttweaker]: Wizardry.zs}
[POSTINITIALIZATION][CLIENT][INFO] Adding shaped recipe for Atomic Reconstructor with name ct_shaped1565430374
[POSTINITIALIZATION][CLIENT][INFO] Adding shaped recipe for Empowerer with name ct_shaped1060621070
[POSTINITIALIZATION][CLIENT][INFO] Adding shaped recipe for Iron Casing with name ct_shaped251231539
[POSTINITIALIZATION][CLIENT][INFO] Adding shaped recipe for Ender Casing with name ct_shaped-1081972689
[POSTINITIALIZATION][CLIENT][INFO] Adding shaped recipe for Power IO Module with name ct_shaped-1609393301
[POSTINITIALIZATION][CLIENT][INFO] Adding shaped recipe for Control Circuit with name ct_shaped-1297864119
[POSTINITIALIZATION][CLIENT][INFO] Adding shaped recipe for Ender Chest with name ct_shaped-1065636348
[POSTINITIALIZATION][CLIENT][INFO] Adding shaped recipe for Ender Tank with name ct_shaped1393553335
[POSTINITIALIZATION][CLIENT][INFO] Adding shaped recipe for Ender Pouch with name ct_shaped1157897135
[POSTINITIALIZATION][CLIENT][INFO] Adding shaped recipe for Coke Brick with name ct_shaped-511602372
[POSTINITIALIZATION][CLIENT][INFO] Adding shaped recipe for Water Wheel with name ct_shaped2086787435
[POSTINITIALIZATION][CLIENT][INFO] Adding shaped recipe for Transistor with name ct_shaped1269853441
[POSTINITIALIZATION][CLIENT][INFO] Adding shaped recipe for Microchip (Tier 1) with name ct_shaped604683270
[POSTINITIALIZATION][CLIENT][INFO] Adding shaped recipe for Microchip (Tier 2) with name ct_shaped-1618165317
[POSTINITIALIZATION][CLIENT][INFO] Adding shaped recipe for Microchip (Tier 3) with name ct_shaped-1303591165
[POSTINITIALIZATION][CLIENT][INFO] Adding shaped recipe for Solderer with name ct_shaped1756562051
[POSTINITIALIZATION][CLIENT][INFO] Adding shaped recipe for Pattern with name ct_shaped-2096772525
[POSTINITIALIZATION][CLIENT][INFO] Adding shaped recipe for Crafter with name ct_shaped-1100894532
[POSTINITIALIZATION][CLIENT][INFO] Adding shaped recipe for Detector with name ct_shaped-1087452058
[POSTINITIALIZATION][CLIENT][INFO] Adding shaped recipe for Iron Wheels with name ct_shaped-755026789
[POSTINITIALIZATION][CLIENT][INFO] Adding shaped recipe for Standard Hull with name ct_shaped1973934817
[POSTINITIALIZATION][CLIENT][INFO] Adding shaped recipe for Reinforced Wheels with name ct_shaped-643675670
[POSTINITIALIZATION][CLIENT][INFO] Adding shaped recipe for Galgadorian Wheels with name ct_shaped-79042211
[POSTINITIALIZATION][CLIENT][INFO] Adding shaped recipe for Reinforced Hull with name ct_shaped1336466195
[POSTINITIALIZATION][CLIENT][INFO] Adding shaped recipe for Galgadorian Hull with name ct_shaped1737498067
[POSTINITIALIZATION][CLIENT][INFO] Adding shaped recipe for Coal Engine with name ct_shaped170140874
[POSTINITIALIZATION][CLIENT][INFO] Adding shaped recipe for Solar Engine with name ct_shaped1832264758
[POSTINITIALIZATION][CLIENT][INFO] Adding shaped recipe for Compact Solar Engine with name ct_shaped-1111949582
[POSTINITIALIZATION][CLIENT][INFO] Adding shaped recipe for Thermal Engine with name ct_shaped579626593
[POSTINITIALIZATION][CLIENT][INFO] Adding shaped recipe for Basic Drill with name ct_shaped-1559770324
[POSTINITIALIZATION][CLIENT][INFO] Adding shaped recipe for Smeltery Controller with name ct_shaped639480288
[POSTINITIALIZATION][CLIENT][INFO] Adding shaped recipe for Strainer Base with name ct_shaped-843442197
[POSTINITIALIZATION][CLIENT][INFO] Adding shaped recipe for Unicorn Horn with name ct_shaped1623664668
[POSTINITIALIZATION][CLIENT][INFO] Adding shapeless recipe for Fairy Imbued Apple with name ct_shapeless-416887890
[POSTINITIALIZATION][CLIENT][INFO] Adding shaped recipe for Magic Wand with name ct_shaped-660226578
[AVAILABLE][CLIENT][INFO] Removing 0 Empowerer Recipe(s) for Unknown item
[AVAILABLE][CLIENT][INFO] Removing 0 Empowerer Recipe(s) for Unknown item
[AVAILABLE][CLIENT][INFO] Removing 0 Empowerer Recipe(s) for Unknown item
[AVAILABLE][CLIENT][INFO] Removing 0 Empowerer Recipe(s) for Unknown item
[AVAILABLE][CLIENT][INFO] Removing 0 Empowerer Recipe(s) for Unknown item
[AVAILABLE][CLIENT][INFO] Removing 0 Empowerer Recipe(s) for Unknown item
[AVAILABLE][CLIENT][INFO] Removing 0 Empowerer Recipe(s) for Unknown item
[AVAILABLE][CLIENT][INFO] Removing 0 Empowerer Recipe(s) for Unknown item
[AVAILABLE][CLIENT][INFO] Removing 0 Empowerer Recipe(s) for Unknown item
[AVAILABLE][CLIENT][INFO] Removing 0 Empowerer Recipe(s) for Unknown item
[AVAILABLE][CLIENT][INFO] Removing 0 Empowerer Recipe(s) for Unknown item
[AVAILABLE][CLIENT][INFO] Removing 0 Empowerer Recipe(s) for Unknown item
[AVAILABLE][CLIENT][INFO] Adding 1 Atomic Reconstructor Recipe(s) for <wizardry:mana_battery>
[AVAILABLE][CLIENT][INFO] Adding 1 Empowerer Recipe(s) for <actuallyadditions:item_crystal_empowered>
[AVAILABLE][CLIENT][INFO] Adding 1 Empowerer Recipe(s) for <actuallyadditions:block_crystal_empowered>
[AVAILABLE][CLIENT][INFO] Adding 1 Empowerer Recipe(s) for <actuallyadditions:item_crystal_empowered:1>
[AVAILABLE][CLIENT][INFO] Adding 1 Empowerer Recipe(s) for <actuallyadditions:block_crystal_empowered:1>
[AVAILABLE][CLIENT][INFO] Adding 1 Empowerer Recipe(s) for <actuallyadditions:item_crystal_empowered:3>
[AVAILABLE][CLIENT][INFO] Adding 1 Empowerer Recipe(s) for <actuallyadditions:block_crystal_empowered:3>
[AVAILABLE][CLIENT][INFO] Adding 1 Empowerer Recipe(s) for <actuallyadditions:item_crystal_empowered:5>
[AVAILABLE][CLIENT][INFO] Adding 1 Empowerer Recipe(s) for <actuallyadditions:block_crystal_empowered:5>
[AVAILABLE][CLIENT][INFO] Adding 1 Empowerer Recipe(s) for <actuallyadditions:item_crystal_empowered:2>
[AVAILABLE][CLIENT][INFO] Adding 1 Empowerer Recipe(s) for <actuallyadditions:item_crystal_empowered:2>
[AVAILABLE][CLIENT][INFO] Adding 1 Empowerer Recipe(s) for <actuallyadditions:block_crystal_empowered:2>
[AVAILABLE][CLIENT][INFO] Adding 1 Empowerer Recipe(s) for <actuallyadditions:block_crystal_empowered:2>
[AVAILABLE][CLIENT][INFO] Adding 1 Empowerer Recipe(s) for <actuallyadditions:item_crystal_empowered:4>
[AVAILABLE][CLIENT][INFO] Adding 1 Empowerer Recipe(s) for <actuallyadditions:block_crystal_empowered:4>
[SERVER_STARTED][CLIENT][INFO] Fixed the RecipeBook
